# JRE version: 7.0_17-b02
# Java VM: Java HotSpot(TM) 64-Bit Server VM (23.7-b01 mixed mode windows-amd64 compressed oops)
Heap
 PSYoungGen      total 168640K, used 105129K [0x00000000eb560000, 0x00000000fc0f0000, 0x0000000100000000)
  eden space 72704K, 62% used [0x00000000eb560000,0x00000000ee1937e0,0x00000000efc60000)
  from space 95936K, 62% used [0x00000000efc60000,0x00000000f36d6e50,0x00000000f5a10000)
  to   space 94656K, 0% used [0x00000000f6480000,0x00000000f6480000,0x00000000fc0f0000)
 ParOldGen       total 235392K, used 159749K [0x00000000c2000000, 0x00000000d05e0000, 0x00000000eb560000)
  object space 235392K, 67% used [0x00000000c2000000,0x00000000cbc015c0,0x00000000d05e0000)
 PSPermGen       total 21248K, used 6420K [0x00000000bce00000, 0x00000000be2c0000, 0x00000000c2000000)
  object space 21248K, 30% used [0x00000000bce00000,0x00000000bd445358,0x00000000be2c0000)
GC Heap History (10 events):
Event: 4.791 GC heap before
{Heap before GC invocations=20 (full 3):
 PSYoungGen      total 150400K, used 110752K [0x00000000eb560000, 0x00000000fa9f0000, 0x0000000100000000)
  eden space 51008K, 100% used [0x00000000eb560000,0x00000000ee730000,0x00000000ee730000)
  from space 99392K, 60% used [0x00000000f4830000,0x00000000f8288000,0x00000000fa940000)
  to   space 99328K, 0% used [0x00000000ee730000,0x00000000ee730000,0x00000000f4830000)
 ParOldGen       total 235392K, used 159749K [0x00000000c2000000, 0x00000000d05e0000, 0x00000000eb560000)
  object space 235392K, 67% used [0x00000000c2000000,0x00000000cbc015c0,0x00000000d05e0000)
 PSPermGen       total 21248K, used 6210K [0x00000000bce00000, 0x00000000be2c0000, 0x00000000c2000000)
  object space 21248K, 29% used [0x00000000bce00000,0x00000000bd410a08,0x00000000be2c0000)
Event: 4.874 GC heap after
Heap after GC invocations=20 (full 3):
 PSYoungGen      total 150336K, used 59712K [0x00000000eb560000, 0x00000000fb170000, 0x0000000100000000)
  eden space 51008K, 0% used [0x00000000eb560000,0x00000000eb560000,0x00000000ee730000)
  from space 99328K, 60% used [0x00000000ee730000,0x00000000f2180000,0x00000000f4830000)
  to   space 98880K, 0% used [0x00000000f50e0000,0x00000000f50e0000,0x00000000fb170000)
 ParOldGen       total 235392K, used 159749K [0x00000000c2000000, 0x00000000d05e0000, 0x00000000eb560000)
  object space 235392K, 67% used [0x00000000c2000000,0x00000000cbc015c0,0x00000000d05e0000)
 PSPermGen       total 21248K, used 6210K [0x00000000bce00000, 0x00000000be2c0000, 0x00000000c2000000)
  object space 21248K, 29% used [0x00000000bce00000,0x00000000bd410a08,0x00000000be2c0000)
}
Event: 4.943 GC heap before
{Heap before GC invocations=21 (full 3):
 PSYoungGen      total 150336K, used 110720K [0x00000000eb560000, 0x00000000fb170000, 0x0000000100000000)
  eden space 51008K, 100% used [0x00000000eb560000,0x00000000ee730000,0x00000000ee730000)
  from space 99328K, 60% used [0x00000000ee730000,0x00000000f2180000,0x00000000f4830000)
  to   space 98880K, 0% used [0x00000000f50e0000,0x00000000f50e0000,0x00000000fb170000)
 ParOldGen       total 235392K, used 159749K [0x00000000c2000000, 0x00000000d05e0000, 0x00000000eb560000)
  object space 235392K, 67% used [0x00000000c2000000,0x00000000cbc015c0,0x00000000d05e0000)
 PSPermGen       total 21248K, used 6210K [0x00000000bce00000, 0x00000000be2c0000, 0x00000000c2000000)
  object space 21248K, 29% used [0x00000000bce00000,0x00000000bd410a08,0x00000000be2c0000)
Event: 5.025 GC heap after
Heap after GC invocations=21 (full 3):
 PSYoungGen      total 158592K, used 59712K [0x00000000eb560000, 0x00000000fb060000, 0x0000000100000000)
  eden space 60800K, 0% used [0x00000000eb560000,0x00000000eb560000,0x00000000ef0c0000)
  from space 97792K, 61% used [0x00000000f50e0000,0x00000000f8b30000,0x00000000fb060000)
  to   space 98112K, 0% used [0x00000000ef0c0000,0x00000000ef0c0000,0x00000000f5090000)
 ParOldGen       total 235392K, used 159749K [0x00000000c2000000, 0x00000000d05e0000, 0x00000000eb560000)
  object space 235392K, 67% used [0x00000000c2000000,0x00000000cbc015c0,0x00000000d05e0000)
 PSPermGen       total 21248K, used 6210K [0x00000000bce00000, 0x00000000be2c0000, 0x00000000c2000000)
  object space 21248K, 29% used [0x00000000bce00000,0x00000000bd410a08,0x00000000be2c0000)
}
Event: 5.109 GC heap before
{Heap before GC invocations=22 (full 3):
 PSYoungGen      total 158592K, used 120512K [0x00000000eb560000, 0x00000000fb060000, 0x0000000100000000)
  eden space 60800K, 100% used [0x00000000eb560000,0x00000000ef0c0000,0x00000000ef0c0000)
  from space 97792K, 61% used [0x00000000f50e0000,0x00000000f8b30000,0x00000000fb060000)
  to   space 98112K, 0% used [0x00000000ef0c0000,0x00000000ef0c0000,0x00000000f5090000)
 ParOldGen       total 235392K, used 159749K [0x00000000c2000000, 0x00000000d05e0000, 0x00000000eb560000)
  object space 235392K, 67% used [0x00000000c2000000,0x00000000cbc015c0,0x00000000d05e0000)
 PSPermGen       total 21248K, used 6210K [0x00000000bce00000, 0x00000000be2c0000, 0x00000000c2000000)
  object space 21248K, 29% used [0x00000000bce00000,0x00000000bd410a08,0x00000000be2c0000)
Event: 5.191 GC heap after
Heap after GC invocations=22 (full 3):
 PSYoungGen      total 158912K, used 59712K [0x00000000eb560000, 0x00000000fb9e0000, 0x0000000100000000)
  eden space 60800K, 0% used [0x00000000eb560000,0x00000000eb560000,0x00000000ef0c0000)
  from space 98112K, 60% used [0x00000000ef0c0000,0x00000000f2b10000,0x00000000f5090000)
  to   space 97088K, 0% used [0x00000000f5b10000,0x00000000f5b10000,0x00000000fb9e0000)
 ParOldGen       total 235392K, used 159749K [0x00000000c2000000, 0x00000000d05e0000, 0x00000000eb560000)
  object space 235392K, 67% used [0x00000000c2000000,0x00000000cbc015c0,0x00000000d05e0000)
 PSPermGen       total 21248K, used 6210K [0x00000000bce00000, 0x00000000be2c0000, 0x00000000c2000000)
  object space 21248K, 29% used [0x00000000bce00000,0x00000000bd410a08,0x00000000be2c0000)
}
Event: 5.273 GC heap before
{Heap before GC invocations=23 (full 3):
 PSYoungGen      total 158912K, used 120512K [0x00000000eb560000, 0x00000000fb9e0000, 0x0000000100000000)
  eden space 60800K, 100% used [0x00000000eb560000,0x00000000ef0c0000,0x00000000ef0c0000)
  from space 98112K, 60% used [0x00000000ef0c0000,0x00000000f2b10000,0x00000000f5090000)
  to   space 97088K, 0% used [0x00000000f5b10000,0x00000000f5b10000,0x00000000fb9e0000)
 ParOldGen       total 235392K, used 159749K [0x00000000c2000000, 0x00000000d05e0000, 0x00000000eb560000)
  object space 235392K, 67% used [0x00000000c2000000,0x00000000cbc015c0,0x00000000d05e0000)
 PSPermGen       total 21248K, used 6210K [0x00000000bce00000, 0x00000000be2c0000, 0x00000000c2000000)
  object space 21248K, 29% used [0x00000000bce00000,0x00000000bd410a08,0x00000000be2c0000)
Event: 5.356 GC heap after
Heap after GC invocations=23 (full 3):
 PSYoungGen      total 167616K, used 59744K [0x00000000eb560000, 0x00000000fb7c0000, 0x0000000100000000)
  eden space 72704K, 0% used [0x00000000eb560000,0x00000000eb560000,0x00000000efc60000)
  from space 94912K, 62% used [0x00000000f5b10000,0x00000000f9568000,0x00000000fb7c0000)
  to   space 95936K, 0% used [0x00000000efc60000,0x00000000efc60000,0x00000000f5a10000)
 ParOldGen       total 235392K, used 159749K [0x00000000c2000000, 0x00000000d05e0000, 0x00000000eb560000)
  object space 235392K, 67% used [0x00000000c2000000,0x00000000cbc015c0,0x00000000d05e0000)
 PSPermGen       total 21248K, used 6210K [0x00000000bce00000, 0x00000000be2c0000, 0x00000000c2000000)
  object space 21248K, 29% used [0x00000000bce00000,0x00000000bd410a08,0x00000000be2c0000)
}
Event: 6.248 GC heap before
{Heap before GC invocations=24 (full 3):
 PSYoungGen      total 167616K, used 110856K [0x00000000eb560000, 0x00000000fb7c0000, 0x0000000100000000)
  eden space 72704K, 70% used [0x00000000eb560000,0x00000000ee74a158,0x00000000efc60000)
  from space 94912K, 62% used [0x00000000f5b10000,0x00000000f9568000,0x00000000fb7c0000)
  to   space 95936K, 0% used [0x00000000efc60000,0x00000000efc60000,0x00000000f5a10000)
 ParOldGen       total 235392K, used 159749K [0x00000000c2000000, 0x00000000d05e0000, 0x00000000eb560000)
  object space 235392K, 67% used [0x00000000c2000000,0x00000000cbc015c0,0x00000000d05e0000)
 PSPermGen       total 21248K, used 6396K [0x00000000bce00000, 0x00000000be2c0000, 0x00000000c2000000)
  object space 21248K, 30% used [0x00000000bce00000,0x00000000bd43f050,0x00000000be2c0000)
Event: 6.333 GC heap after
Heap after GC invocations=24 (full 3):
 PSYoungGen      total 168640K, used 59867K [0x00000000eb560000, 0x00000000fc0f0000, 0x0000000100000000)
  eden space 72704K, 0% used [0x00000000eb560000,0x00000000eb560000,0x00000000efc60000)
  from space 95936K, 62% used [0x00000000efc60000,0x00000000f36d6e50,0x00000000f5a10000)
  to   space 94656K, 0% used [0x00000000f6480000,0x00000000f6480000,0x00000000fc0f0000)
 ParOldGen       total 235392K, used 159749K [0x00000000c2000000, 0x00000000d05e0000, 0x00000000eb560000)
  object space 235392K, 67% used [0x00000000c2000000,0x00000000cbc015c0,0x00000000d05e0000)
 PSPermGen       total 21248K, used 6396K [0x00000000bce00000, 0x00000000be2c0000, 0x00000000c2000000)
  object space 21248K, 30% used [0x00000000bce00000,0x00000000bd43f050,0x00000000be2c0000)
}

