# JRE version: 7.0_17-b02
# Java VM: Java HotSpot(TM) 64-Bit Server VM (23.7-b01 mixed mode windows-amd64 compressed oops)
Heap
 PSYoungGen      total 197696K, used 145909K [0x00000000eb560000, 0x00000000fe750000, 0x0000000100000000)
  eden space 87616K, 87% used [0x00000000eb560000,0x00000000f0035448,0x00000000f0af0000)
  from space 110080K, 62% used [0x00000000f7bd0000,0x00000000fbf78000,0x00000000fe750000)
  to   space 112832K, 0% used [0x00000000f0af0000,0x00000000f0af0000,0x00000000f7920000)
 ParOldGen       total 285056K, used 150014K [0x00000000c2000000, 0x00000000d3660000, 0x00000000eb560000)
  object space 285056K, 52% used [0x00000000c2000000,0x00000000cb27fa78,0x00000000d3660000)
 PSPermGen       total 21248K, used 6614K [0x00000000bce00000, 0x00000000be2c0000, 0x00000000c2000000)
  object space 21248K, 31% used [0x00000000bce00000,0x00000000bd475888,0x00000000be2c0000)
GC Heap History (10 events):
Event: 7.939 GC heap before
{Heap before GC invocations=25 (full 4):
 PSYoungGen      total 137536K, used 59233K [0x00000000eb560000, 0x00000000f99e0000, 0x0000000100000000)
  eden space 78272K, 0% used [0x00000000eb560000,0x00000000eb560000,0x00000000f01d0000)
  from space 59264K, 99% used [0x00000000f01d0000,0x00000000f3ba84a0,0x00000000f3bb0000)
  to   space 72960K, 0% used [0x00000000f52a0000,0x00000000f52a0000,0x00000000f99e0000)
 ParOldGen       total 231936K, used 208016K [0x00000000c2000000, 0x00000000d0280000, 0x00000000eb560000)
  object space 231936K, 89% used [0x00000000c2000000,0x00000000ceb24080,0x00000000d0280000)
 PSPermGen       total 21248K, used 6371K [0x00000000bce00000, 0x00000000be2c0000, 0x00000000c2000000)
  object space 21248K, 29% used [0x00000000bce00000,0x00000000bd438db8,0x00000000be2c0000)
Event: 8.207 GC heap after
Heap after GC invocations=25 (full 4):
 PSYoungGen      total 137536K, used 0K [0x00000000eb560000, 0x00000000f99e0000, 0x0000000100000000)
  eden space 78272K, 0% used [0x00000000eb560000,0x00000000eb560000,0x00000000f01d0000)
  from space 59264K, 0% used [0x00000000f01d0000,0x00000000f01d0000,0x00000000f3bb0000)
  to   space 72960K, 0% used [0x00000000f52a0000,0x00000000f52a0000,0x00000000f99e0000)
 ParOldGen       total 150016K, used 48045K [0x00000000c2000000, 0x00000000cb280000, 0x00000000eb560000)
  object space 150016K, 32% used [0x00000000c2000000,0x00000000c4eeb730,0x00000000cb280000)
 PSPermGen       total 21248K, used 6371K [0x00000000bce00000, 0x00000000be2c0000, 0x00000000c2000000)
  object space 21248K, 29% used [0x00000000bce00000,0x00000000bd438db8,0x00000000be2c0000)
}
Event: 8.348 GC heap before
{Heap before GC invocations=26 (full 4):
 PSYoungGen      total 137536K, used 78272K [0x00000000eb560000, 0x00000000f99e0000, 0x0000000100000000)
  eden space 78272K, 100% used [0x00000000eb560000,0x00000000f01d0000,0x00000000f01d0000)
  from space 59264K, 0% used [0x00000000f01d0000,0x00000000f01d0000,0x00000000f3bb0000)
  to   space 72960K, 0% used [0x00000000f52a0000,0x00000000f52a0000,0x00000000f99e0000)
 ParOldGen       total 150016K, used 48045K [0x00000000c2000000, 0x00000000cb280000, 0x00000000eb560000)
  object space 150016K, 32% used [0x00000000c2000000,0x00000000c4eeb730,0x00000000cb280000)
 PSPermGen       total 21248K, used 6371K [0x00000000bce00000, 0x00000000be2c0000, 0x00000000c2000000)
  object space 21248K, 29% used [0x00000000bce00000,0x00000000bd438db8,0x00000000be2c0000)
Event: 8.558 GC heap after
Heap after GC invocations=26 (full 4):
 PSYoungGen      total 148800K, used 72960K [0x00000000eb560000, 0x00000000fb430000, 0x0000000100000000)
  eden space 75840K, 0% used [0x00000000eb560000,0x00000000eb560000,0x00000000eff70000)
  from space 72960K, 100% used [0x00000000f52a0000,0x00000000f99e0000,0x00000000f99e0000)
  to   space 85184K, 0% used [0x00000000eff70000,0x00000000eff70000,0x00000000f52a0000)
 ParOldGen       total 150016K, used 54893K [0x00000000c2000000, 0x00000000cb280000, 0x00000000eb560000)
  object space 150016K, 36% used [0x00000000c2000000,0x00000000c559b730,0x00000000cb280000)
 PSPermGen       total 21248K, used 6371K [0x00000000bce00000, 0x00000000be2c0000, 0x00000000c2000000)
  object space 21248K, 29% used [0x00000000bce00000,0x00000000bd438db8,0x00000000be2c0000)
}
Event: 8.661 GC heap before
{Heap before GC invocations=27 (full 4):
 PSYoungGen      total 148800K, used 148800K [0x00000000eb560000, 0x00000000fb430000, 0x0000000100000000)
  eden space 75840K, 100% used [0x00000000eb560000,0x00000000eff70000,0x00000000eff70000)
  from space 72960K, 100% used [0x00000000f52a0000,0x00000000f99e0000,0x00000000f99e0000)
  to   space 85184K, 0% used [0x00000000eff70000,0x00000000eff70000,0x00000000f52a0000)
 ParOldGen       total 150016K, used 54893K [0x00000000c2000000, 0x00000000cb280000, 0x00000000eb560000)
  object space 150016K, 36% used [0x00000000c2000000,0x00000000c559b730,0x00000000cb280000)
 PSPermGen       total 21248K, used 6371K [0x00000000bce00000, 0x00000000be2c0000, 0x00000000c2000000)
  object space 21248K, 29% used [0x00000000bce00000,0x00000000bd438db8,0x00000000be2c0000)
Event: 8.923 GC heap after
Heap after GC invocations=27 (full 4):
 PSYoungGen      total 161024K, used 85184K [0x00000000eb560000, 0x00000000fea00000, 0x0000000100000000)
  eden space 75840K, 0% used [0x00000000eb560000,0x00000000eb560000,0x00000000eff70000)
  from space 85184K, 100% used [0x00000000eff70000,0x00000000f52a0000,0x00000000f52a0000)
  to   space 112832K, 0% used [0x00000000f7bd0000,0x00000000f7bd0000,0x00000000fea00000)
 ParOldGen       total 150016K, used 120053K [0x00000000c2000000, 0x00000000cb280000, 0x00000000eb560000)
  object space 150016K, 80% used [0x00000000c2000000,0x00000000c953d730,0x00000000cb280000)
 PSPermGen       total 21248K, used 6371K [0x00000000bce00000, 0x00000000be2c0000, 0x00000000c2000000)
  object space 21248K, 29% used [0x00000000bce00000,0x00000000bd438db8,0x00000000be2c0000)
}
Event: 8.923 GC heap before
{Heap before GC invocations=28 (full 5):
 PSYoungGen      total 161024K, used 85184K [0x00000000eb560000, 0x00000000fea00000, 0x0000000100000000)
  eden space 75840K, 0% used [0x00000000eb560000,0x00000000eb560000,0x00000000eff70000)
  from space 85184K, 100% used [0x00000000eff70000,0x00000000f52a0000,0x00000000f52a0000)
  to   space 112832K, 0% used [0x00000000f7bd0000,0x00000000f7bd0000,0x00000000fea00000)
 ParOldGen       total 150016K, used 120053K [0x00000000c2000000, 0x00000000cb280000, 0x00000000eb560000)
  object space 150016K, 80% used [0x00000000c2000000,0x00000000c953d730,0x00000000cb280000)
 PSPermGen       total 21248K, used 6371K [0x00000000bce00000, 0x00000000be2c0000, 0x00000000c2000000)
  object space 21248K, 29% used [0x00000000bce00000,0x00000000bd438db8,0x00000000be2c0000)
Event: 10.437 GC heap after
Heap after GC invocations=28 (full 5):
 PSYoungGen      total 161024K, used 52105K [0x00000000eb560000, 0x00000000fea00000, 0x0000000100000000)
  eden space 75840K, 0% used [0x00000000eb560000,0x00000000eb560000,0x00000000eff70000)
  from space 85184K, 61% used [0x00000000eff70000,0x00000000f3252440,0x00000000f52a0000)
  to   space 112832K, 0% used [0x00000000f7bd0000,0x00000000f7bd0000,0x00000000fea00000)
 ParOldGen       total 285056K, used 150014K [0x00000000c2000000, 0x00000000d3660000, 0x00000000eb560000)
  object space 285056K, 52% used [0x00000000c2000000,0x00000000cb27fa78,0x00000000d3660000)
 PSPermGen       total 21248K, used 6371K [0x00000000bce00000, 0x00000000be2c0000, 0x00000000c2000000)
  object space 21248K, 29% used [0x00000000bce00000,0x00000000bd438db8,0x00000000be2c0000)
}
Event: 10.671 GC heap before
{Heap before GC invocations=29 (full 5):
 PSYoungGen      total 161024K, used 127945K [0x00000000eb560000, 0x00000000fea00000, 0x0000000100000000)
  eden space 75840K, 100% used [0x00000000eb560000,0x00000000eff70000,0x00000000eff70000)
  from space 85184K, 61% used [0x00000000eff70000,0x00000000f3252440,0x00000000f52a0000)
  to   space 112832K, 0% used [0x00000000f7bd0000,0x00000000f7bd0000,0x00000000fea00000)
 ParOldGen       total 285056K, used 150014K [0x00000000c2000000, 0x00000000d3660000, 0x00000000eb560000)
  object space 285056K, 52% used [0x00000000c2000000,0x00000000cb27fa78,0x00000000d3660000)
 PSPermGen       total 21248K, used 6371K [0x00000000bce00000, 0x00000000be2c0000, 0x00000000c2000000)
  object space 21248K, 29% used [0x00000000bce00000,0x00000000bd438e90,0x00000000be2c0000)
Event: 10.828 GC heap after
Heap after GC invocations=29 (full 5):
 PSYoungGen      total 197696K, used 69280K [0x00000000eb560000, 0x00000000fe750000, 0x0000000100000000)
  eden space 87616K, 0% used [0x00000000eb560000,0x00000000eb560000,0x00000000f0af0000)
  from space 110080K, 62% used [0x00000000f7bd0000,0x00000000fbf78000,0x00000000fe750000)
  to   space 112832K, 0% used [0x00000000f0af0000,0x00000000f0af0000,0x00000000f7920000)
 ParOldGen       total 285056K, used 150014K [0x00000000c2000000, 0x00000000d3660000, 0x00000000eb560000)
  object space 285056K, 52% used [0x00000000c2000000,0x00000000cb27fa78,0x00000000d3660000)
 PSPermGen       total 21248K, used 6371K [0x00000000bce00000, 0x00000000be2c0000, 0x00000000c2000000)
  object space 21248K, 29% used [0x00000000bce00000,0x00000000bd438e90,0x00000000be2c0000)
}

