# JRE version: 7.0_17-b02
# Java VM: Java HotSpot(TM) 64-Bit Server VM (23.7-b01 mixed mode windows-amd64 compressed oops)
Heap
 PSYoungGen      total 198272K, used 160831K [0x00000000eb560000, 0x00000000ff020000, 0x0000000100000000)
  eden space 85440K, 79% used [0x00000000eb560000,0x00000000ef7e7e78,0x00000000f08d0000)
  from space 112832K, 82% used [0x00000000f08d0000,0x00000000f6358000,0x00000000f7700000)
  to   space 112832K, 0% used [0x00000000f81f0000,0x00000000f81f0000,0x00000000ff020000)
 ParOldGen       total 240640K, used 128527K [0x00000000c2000000, 0x00000000d0b00000, 0x00000000eb560000)
  object space 240640K, 53% used [0x00000000c2000000,0x00000000c9d83e10,0x00000000d0b00000)
 PSPermGen       total 21248K, used 6605K [0x00000000bce00000, 0x00000000be2c0000, 0x00000000c2000000)
  object space 21248K, 31% used [0x00000000bce00000,0x00000000bd473690,0x00000000be2c0000)
GC Heap History (10 events):
Event: 7.185 GC heap before
{Heap before GC invocations=25 (full 3):
 PSYoungGen      total 174016K, used 137787K [0x00000000eb560000, 0x00000000fc720000, 0x0000000100000000)
  eden space 77824K, 100% used [0x00000000eb560000,0x00000000f0160000,0x00000000f0160000)
  from space 96192K, 62% used [0x00000000f0160000,0x00000000f3beee50,0x00000000f5f50000)
  to   space 94848K, 0% used [0x00000000f6a80000,0x00000000f6a80000,0x00000000fc720000)
 ParOldGen       total 235456K, used 159518K [0x00000000c2000000, 0x00000000d05f0000, 0x00000000eb560000)
  object space 235456K, 67% used [0x00000000c2000000,0x00000000cbbc7a70,0x00000000d05f0000)
 PSPermGen       total 21248K, used 6371K [0x00000000bce00000, 0x00000000be2c0000, 0x00000000c2000000)
  object space 21248K, 29% used [0x00000000bce00000,0x00000000bd438dd0,0x00000000be2c0000)
Event: 7.323 GC heap after
Heap after GC invocations=25 (full 3):
 PSYoungGen      total 167488K, used 94817K [0x00000000eb560000, 0x00000000fe9d0000, 0x0000000100000000)
  eden space 72640K, 0% used [0x00000000eb560000,0x00000000eb560000,0x00000000efc50000)
  from space 94848K, 99% used [0x00000000f6a80000,0x00000000fc7184a0,0x00000000fc720000)
  to   space 112832K, 0% used [0x00000000efc50000,0x00000000efc50000,0x00000000f6a80000)
 ParOldGen       total 235456K, used 180486K [0x00000000c2000000, 0x00000000d05f0000, 0x00000000eb560000)
  object space 235456K, 76% used [0x00000000c2000000,0x00000000cd041840,0x00000000d05f0000)
 PSPermGen       total 21248K, used 6371K [0x00000000bce00000, 0x00000000be2c0000, 0x00000000c2000000)
  object space 21248K, 29% used [0x00000000bce00000,0x00000000bd438dd0,0x00000000be2c0000)
}
Event: 7.421 GC heap before
{Heap before GC invocations=26 (full 3):
 PSYoungGen      total 167488K, used 167457K [0x00000000eb560000, 0x00000000fe9d0000, 0x0000000100000000)
  eden space 72640K, 100% used [0x00000000eb560000,0x00000000efc50000,0x00000000efc50000)
  from space 94848K, 99% used [0x00000000f6a80000,0x00000000fc7184a0,0x00000000fc720000)
  to   space 112832K, 0% used [0x00000000efc50000,0x00000000efc50000,0x00000000f6a80000)
 ParOldGen       total 235456K, used 180486K [0x00000000c2000000, 0x00000000d05f0000, 0x00000000eb560000)
  object space 235456K, 76% used [0x00000000c2000000,0x00000000cd041840,0x00000000d05f0000)
 PSPermGen       total 21248K, used 6371K [0x00000000bce00000, 0x00000000be2c0000, 0x00000000c2000000)
  object space 21248K, 29% used [0x00000000bce00000,0x00000000bd438dd0,0x00000000be2c0000)
Event: 7.641 GC heap after
Heap after GC invocations=26 (full 3):
 PSYoungGen      total 185472K, used 112801K [0x00000000eb560000, 0x00000000fe560000, 0x0000000100000000)
  eden space 72640K, 0% used [0x00000000eb560000,0x00000000eb560000,0x00000000efc50000)
  from space 112832K, 99% used [0x00000000efc50000,0x00000000f6a784a0,0x00000000f6a80000)
  to   space 112832K, 0% used [0x00000000f7730000,0x00000000f7730000,0x00000000fe560000)
 ParOldGen       total 236608K, used 236453K [0x00000000c2000000, 0x00000000d0710000, 0x00000000eb560000)
  object space 236608K, 99% used [0x00000000c2000000,0x00000000d06e9610,0x00000000d0710000)
 PSPermGen       total 21248K, used 6371K [0x00000000bce00000, 0x00000000be2c0000, 0x00000000c2000000)
  object space 21248K, 29% used [0x00000000bce00000,0x00000000bd438dd0,0x00000000be2c0000)
}
Event: 7.641 GC heap before
{Heap before GC invocations=27 (full 4):
 PSYoungGen      total 185472K, used 112801K [0x00000000eb560000, 0x00000000fe560000, 0x0000000100000000)
  eden space 72640K, 0% used [0x00000000eb560000,0x00000000eb560000,0x00000000efc50000)
  from space 112832K, 99% used [0x00000000efc50000,0x00000000f6a784a0,0x00000000f6a80000)
  to   space 112832K, 0% used [0x00000000f7730000,0x00000000f7730000,0x00000000fe560000)
 ParOldGen       total 236608K, used 236453K [0x00000000c2000000, 0x00000000d0710000, 0x00000000eb560000)
  object space 236608K, 99% used [0x00000000c2000000,0x00000000d06e9610,0x00000000d0710000)
 PSPermGen       total 21248K, used 6371K [0x00000000bce00000, 0x00000000be2c0000, 0x00000000c2000000)
  object space 21248K, 29% used [0x00000000bce00000,0x00000000bd438dd0,0x00000000be2c0000)
Event: 8.541 GC heap after
Heap after GC invocations=27 (full 4):
 PSYoungGen      total 185472K, used 0K [0x00000000eb560000, 0x00000000fe560000, 0x0000000100000000)
  eden space 72640K, 0% used [0x00000000eb560000,0x00000000eb560000,0x00000000efc50000)
  from space 112832K, 0% used [0x00000000efc50000,0x00000000efc50000,0x00000000f6a80000)
  to   space 112832K, 0% used [0x00000000f7730000,0x00000000f7730000,0x00000000fe560000)
 ParOldGen       total 240640K, used 128527K [0x00000000c2000000, 0x00000000d0b00000, 0x00000000eb560000)
  object space 240640K, 53% used [0x00000000c2000000,0x00000000c9d83e10,0x00000000d0b00000)
 PSPermGen       total 21248K, used 6371K [0x00000000bce00000, 0x00000000be2c0000, 0x00000000c2000000)
  object space 21248K, 29% used [0x00000000bce00000,0x00000000bd438dd0,0x00000000be2c0000)
}
Event: 8.645 GC heap before
{Heap before GC invocations=28 (full 4):
 PSYoungGen      total 185472K, used 72640K [0x00000000eb560000, 0x00000000fe560000, 0x0000000100000000)
  eden space 72640K, 100% used [0x00000000eb560000,0x00000000efc50000,0x00000000efc50000)
  from space 112832K, 0% used [0x00000000efc50000,0x00000000efc50000,0x00000000f6a80000)
  to   space 112832K, 0% used [0x00000000f7730000,0x00000000f7730000,0x00000000fe560000)
 ParOldGen       total 240640K, used 128527K [0x00000000c2000000, 0x00000000d0b00000, 0x00000000eb560000)
  object space 240640K, 53% used [0x00000000c2000000,0x00000000c9d83e10,0x00000000d0b00000)
 PSPermGen       total 21248K, used 6371K [0x00000000bce00000, 0x00000000be2c0000, 0x00000000c2000000)
  object space 21248K, 29% used [0x00000000bce00000,0x00000000bd438dd0,0x00000000be2c0000)
Event: 8.772 GC heap after
Heap after GC invocations=28 (full 4):
 PSYoungGen      total 198080K, used 74048K [0x00000000eb560000, 0x00000000fe530000, 0x0000000100000000)
  eden space 85440K, 0% used [0x00000000eb560000,0x00000000eb560000,0x00000000f08d0000)
  from space 112640K, 65% used [0x00000000f7730000,0x00000000fbf80000,0x00000000fe530000)
  to   space 112832K, 0% used [0x00000000f08d0000,0x00000000f08d0000,0x00000000f7700000)
 ParOldGen       total 240640K, used 128527K [0x00000000c2000000, 0x00000000d0b00000, 0x00000000eb560000)
  object space 240640K, 53% used [0x00000000c2000000,0x00000000c9d83e10,0x00000000d0b00000)
 PSPermGen       total 21248K, used 6371K [0x00000000bce00000, 0x00000000be2c0000, 0x00000000c2000000)
  object space 21248K, 29% used [0x00000000bce00000,0x00000000bd438dd0,0x00000000be2c0000)
}
Event: 9.048 GC heap before
{Heap before GC invocations=29 (full 4):
 PSYoungGen      total 198080K, used 159488K [0x00000000eb560000, 0x00000000fe530000, 0x0000000100000000)
  eden space 85440K, 100% used [0x00000000eb560000,0x00000000f08d0000,0x00000000f08d0000)
  from space 112640K, 65% used [0x00000000f7730000,0x00000000fbf80000,0x00000000fe530000)
  to   space 112832K, 0% used [0x00000000f08d0000,0x00000000f08d0000,0x00000000f7700000)
 ParOldGen       total 240640K, used 128527K [0x00000000c2000000, 0x00000000d0b00000, 0x00000000eb560000)
  object space 240640K, 53% used [0x00000000c2000000,0x00000000c9d83e10,0x00000000d0b00000)
 PSPermGen       total 21248K, used 6371K [0x00000000bce00000, 0x00000000be2c0000, 0x00000000c2000000)
  object space 21248K, 29% used [0x00000000bce00000,0x00000000bd438ea8,0x00000000be2c0000)
Event: 9.182 GC heap after
Heap after GC invocations=29 (full 4):
 PSYoungGen      total 198272K, used 92704K [0x00000000eb560000, 0x00000000ff020000, 0x0000000100000000)
  eden space 85440K, 0% used [0x00000000eb560000,0x00000000eb560000,0x00000000f08d0000)
  from space 112832K, 82% used [0x00000000f08d0000,0x00000000f6358000,0x00000000f7700000)
  to   space 112832K, 0% used [0x00000000f81f0000,0x00000000f81f0000,0x00000000ff020000)
 ParOldGen       total 240640K, used 128527K [0x00000000c2000000, 0x00000000d0b00000, 0x00000000eb560000)
  object space 240640K, 53% used [0x00000000c2000000,0x00000000c9d83e10,0x00000000d0b00000)
 PSPermGen       total 21248K, used 6371K [0x00000000bce00000, 0x00000000be2c0000, 0x00000000c2000000)
  object space 21248K, 29% used [0x00000000bce00000,0x00000000bd438ea8,0x00000000be2c0000)
}

