# JRE version: 7.0_17-b02
# Java VM: Java HotSpot(TM) 64-Bit Server VM (23.7-b01 mixed mode windows-amd64 compressed oops)
Heap
 PSYoungGen      total 206080K, used 81081K [0x00000000eb560000, 0x00000000ff800000, 0x0000000100000000)
  eden space 93248K, 66% used [0x00000000eb560000,0x00000000ef196548,0x00000000f1070000)
  from space 112832K, 17% used [0x00000000f1070000,0x00000000f2368000,0x00000000f7ea0000)
  to   space 112832K, 0% used [0x00000000f89d0000,0x00000000f89d0000,0x00000000ff800000)
 ParOldGen       total 332096K, used 199885K [0x00000000c2000000, 0x00000000d6450000, 0x00000000eb560000)
  object space 332096K, 60% used [0x00000000c2000000,0x00000000ce333660,0x00000000d6450000)
 PSPermGen       total 21248K, used 6608K [0x00000000bce00000, 0x00000000be2c0000, 0x00000000c2000000)
  object space 21248K, 31% used [0x00000000bce00000,0x00000000bd474178,0x00000000be2c0000)
GC Heap History (10 events):
Event: 9.272 GC heap before
{Heap before GC invocations=26 (full 4):
 PSYoungGen      total 173568K, used 115293K [0x00000000eb560000, 0x00000000fc360000, 0x0000000100000000)
  eden space 71552K, 100% used [0x00000000eb560000,0x00000000efb40000,0x00000000efb40000)
  from space 102016K, 42% used [0x00000000efb40000,0x00000000f25f7790,0x00000000f5ee0000)
  to   space 97088K, 0% used [0x00000000f6490000,0x00000000f6490000,0x00000000fc360000)
 ParOldGen       total 296192K, used 196949K [0x00000000c2000000, 0x00000000d4140000, 0x00000000eb560000)
  object space 296192K, 66% used [0x00000000c2000000,0x00000000ce055768,0x00000000d4140000)
 PSPermGen       total 21248K, used 6371K [0x00000000bce00000, 0x00000000be2c0000, 0x00000000c2000000)
  object space 21248K, 29% used [0x00000000bce00000,0x00000000bd438db8,0x00000000be2c0000)
Event: 9.302 GC heap after
Heap after GC invocations=26 (full 4):
 PSYoungGen      total 165568K, used 38369K [0x00000000eb560000, 0x00000000fb790000, 0x0000000100000000)
  eden space 80576K, 0% used [0x00000000eb560000,0x00000000eb560000,0x00000000f0410000)
  from space 84992K, 45% used [0x00000000f6490000,0x00000000f8a084a0,0x00000000fb790000)
  to   space 91904K, 0% used [0x00000000f0410000,0x00000000f0410000,0x00000000f5dd0000)
 ParOldGen       total 296192K, used 196949K [0x00000000c2000000, 0x00000000d4140000, 0x00000000eb560000)
  object space 296192K, 66% used [0x00000000c2000000,0x00000000ce055768,0x00000000d4140000)
 PSPermGen       total 21248K, used 6371K [0x00000000bce00000, 0x00000000be2c0000, 0x00000000c2000000)
  object space 21248K, 29% used [0x00000000bce00000,0x00000000bd438db8,0x00000000be2c0000)
}
Event: 9.429 GC heap before
{Heap before GC invocations=27 (full 4):
 PSYoungGen      total 165568K, used 118945K [0x00000000eb560000, 0x00000000fb790000, 0x0000000100000000)
  eden space 80576K, 100% used [0x00000000eb560000,0x00000000f0410000,0x00000000f0410000)
  from space 84992K, 45% used [0x00000000f6490000,0x00000000f8a084a0,0x00000000fb790000)
  to   space 91904K, 0% used [0x00000000f0410000,0x00000000f0410000,0x00000000f5dd0000)
 ParOldGen       total 296192K, used 196949K [0x00000000c2000000, 0x00000000d4140000, 0x00000000eb560000)
  object space 296192K, 66% used [0x00000000c2000000,0x00000000ce055768,0x00000000d4140000)
 PSPermGen       total 21248K, used 6371K [0x00000000bce00000, 0x00000000be2c0000, 0x00000000c2000000)
  object space 21248K, 29% used [0x00000000bce00000,0x00000000bd438db8,0x00000000be2c0000)
Event: 9.614 GC heap after
Heap after GC invocations=27 (full 4):
 PSYoungGen      total 172480K, used 91873K [0x00000000eb560000, 0x00000000fecd0000, 0x0000000100000000)
  eden space 80576K, 0% used [0x00000000eb560000,0x00000000eb560000,0x00000000f0410000)
  from space 91904K, 99% used [0x00000000f0410000,0x00000000f5dc84a0,0x00000000f5dd0000)
  to   space 112832K, 0% used [0x00000000f7ea0000,0x00000000f7ea0000,0x00000000fecd0000)
 ParOldGen       total 296192K, used 225549K [0x00000000c2000000, 0x00000000d4140000, 0x00000000eb560000)
  object space 296192K, 76% used [0x00000000c2000000,0x00000000cfc43768,0x00000000d4140000)
 PSPermGen       total 21248K, used 6371K [0x00000000bce00000, 0x00000000be2c0000, 0x00000000c2000000)
  object space 21248K, 29% used [0x00000000bce00000,0x00000000bd438db8,0x00000000be2c0000)
}
Event: 9.740 GC heap before
{Heap before GC invocations=28 (full 4):
 PSYoungGen      total 172480K, used 172449K [0x00000000eb560000, 0x00000000fecd0000, 0x0000000100000000)
  eden space 80576K, 100% used [0x00000000eb560000,0x00000000f0410000,0x00000000f0410000)
  from space 91904K, 99% used [0x00000000f0410000,0x00000000f5dc84a0,0x00000000f5dd0000)
  to   space 112832K, 0% used [0x00000000f7ea0000,0x00000000f7ea0000,0x00000000fecd0000)
 ParOldGen       total 296192K, used 225549K [0x00000000c2000000, 0x00000000d4140000, 0x00000000eb560000)
  object space 296192K, 76% used [0x00000000c2000000,0x00000000cfc43768,0x00000000d4140000)
 PSPermGen       total 21248K, used 6371K [0x00000000bce00000, 0x00000000be2c0000, 0x00000000c2000000)
  object space 21248K, 29% used [0x00000000bce00000,0x00000000bd438db8,0x00000000be2c0000)
Event: 10.095 GC heap after
Heap after GC invocations=28 (full 4):
 PSYoungGen      total 206080K, used 112801K [0x00000000eb560000, 0x00000000fef00000, 0x0000000100000000)
  eden space 93248K, 0% used [0x00000000eb560000,0x00000000eb560000,0x00000000f1070000)
  from space 112832K, 99% used [0x00000000f7ea0000,0x00000000fecc84a0,0x00000000fecd0000)
  to   space 112832K, 0% used [0x00000000f1070000,0x00000000f1070000,0x00000000f7ea0000)
 ParOldGen       total 296192K, used 286853K [0x00000000c2000000, 0x00000000d4140000, 0x00000000eb560000)
  object space 296192K, 96% used [0x00000000c2000000,0x00000000d3821768,0x00000000d4140000)
 PSPermGen       total 21248K, used 6371K [0x00000000bce00000, 0x00000000be2c0000, 0x00000000c2000000)
  object space 21248K, 29% used [0x00000000bce00000,0x00000000bd438db8,0x00000000be2c0000)
}
Event: 10.096 GC heap before
{Heap before GC invocations=29 (full 5):
 PSYoungGen      total 206080K, used 112801K [0x00000000eb560000, 0x00000000fef00000, 0x0000000100000000)
  eden space 93248K, 0% used [0x00000000eb560000,0x00000000eb560000,0x00000000f1070000)
  from space 112832K, 99% used [0x00000000f7ea0000,0x00000000fecc84a0,0x00000000fecd0000)
  to   space 112832K, 0% used [0x00000000f1070000,0x00000000f1070000,0x00000000f7ea0000)
 ParOldGen       total 296192K, used 286853K [0x00000000c2000000, 0x00000000d4140000, 0x00000000eb560000)
  object space 296192K, 96% used [0x00000000c2000000,0x00000000d3821768,0x00000000d4140000)
 PSPermGen       total 21248K, used 6371K [0x00000000bce00000, 0x00000000be2c0000, 0x00000000c2000000)
  object space 21248K, 29% used [0x00000000bce00000,0x00000000bd438db8,0x00000000be2c0000)
Event: 11.939 GC heap after
Heap after GC invocations=29 (full 5):
 PSYoungGen      total 206080K, used 0K [0x00000000eb560000, 0x00000000fef00000, 0x0000000100000000)
  eden space 93248K, 0% used [0x00000000eb560000,0x00000000eb560000,0x00000000f1070000)
  from space 112832K, 0% used [0x00000000f7ea0000,0x00000000f7ea0000,0x00000000fecd0000)
  to   space 112832K, 0% used [0x00000000f1070000,0x00000000f1070000,0x00000000f7ea0000)
 ParOldGen       total 332096K, used 199885K [0x00000000c2000000, 0x00000000d6450000, 0x00000000eb560000)
  object space 332096K, 60% used [0x00000000c2000000,0x00000000ce333660,0x00000000d6450000)
 PSPermGen       total 21248K, used 6371K [0x00000000bce00000, 0x00000000be2c0000, 0x00000000c2000000)
  object space 21248K, 29% used [0x00000000bce00000,0x00000000bd438db8,0x00000000be2c0000)
}
Event: 12.246 GC heap before
{Heap before GC invocations=30 (full 5):
 PSYoungGen      total 206080K, used 93248K [0x00000000eb560000, 0x00000000fef00000, 0x0000000100000000)
  eden space 93248K, 100% used [0x00000000eb560000,0x00000000f1070000,0x00000000f1070000)
  from space 112832K, 0% used [0x00000000f7ea0000,0x00000000f7ea0000,0x00000000fecd0000)
  to   space 112832K, 0% used [0x00000000f1070000,0x00000000f1070000,0x00000000f7ea0000)
 ParOldGen       total 332096K, used 199885K [0x00000000c2000000, 0x00000000d6450000, 0x00000000eb560000)
  object space 332096K, 60% used [0x00000000c2000000,0x00000000ce333660,0x00000000d6450000)
 PSPermGen       total 21248K, used 6371K [0x00000000bce00000, 0x00000000be2c0000, 0x00000000c2000000)
  object space 21248K, 29% used [0x00000000bce00000,0x00000000bd438e90,0x00000000be2c0000)
Event: 12.273 GC heap after
Heap after GC invocations=30 (full 5):
 PSYoungGen      total 206080K, used 19424K [0x00000000eb560000, 0x00000000ff800000, 0x0000000100000000)
  eden space 93248K, 0% used [0x00000000eb560000,0x00000000eb560000,0x00000000f1070000)
  from space 112832K, 17% used [0x00000000f1070000,0x00000000f2368000,0x00000000f7ea0000)
  to   space 112832K, 0% used [0x00000000f89d0000,0x00000000f89d0000,0x00000000ff800000)
 ParOldGen       total 332096K, used 199885K [0x00000000c2000000, 0x00000000d6450000, 0x00000000eb560000)
  object space 332096K, 60% used [0x00000000c2000000,0x00000000ce333660,0x00000000d6450000)
 PSPermGen       total 21248K, used 6371K [0x00000000bce00000, 0x00000000be2c0000, 0x00000000c2000000)
  object space 21248K, 29% used [0x00000000bce00000,0x00000000bd438e90,0x00000000be2c0000)
}

