# JRE version: 7.0_13-b20
# Java VM: Java HotSpot(TM) 64-Bit Server VM (23.7-b01 mixed mode windows-amd64 compressed oops)
Heap
 PSYoungGen      total 73408K, used 73408K [0x00000000eaab0000, 0x00000000f5100000, 0x0000000100000000)
  eden space 32384K, 100% used [0x00000000eaab0000,0x00000000eca50000,0x00000000eca50000)
  from space 41024K, 100% used [0x00000000eca50000,0x00000000ef260000,0x00000000ef260000)
  to   space 62272K, 100% used [0x00000000f1430000,0x00000000f5100000,0x00000000f5100000)
 ParOldGen       total 156864K, used 122090K [0x00000000c0000000, 0x00000000c9930000, 0x00000000eaab0000)
  object space 156864K, 77% used [0x00000000c0000000,0x00000000c773abe0,0x00000000c9930000)
 PSPermGen       total 21248K, used 6153K [0x00000000bae00000, 0x00000000bc2c0000, 0x00000000c0000000)
  object space 21248K, 28% used [0x00000000bae00000,0x00000000bb4026b8,0x00000000bc2c0000)
GC Heap History (10 events):
Event: 1.446 GC heap after
Heap after GC invocations=5 (full 1):
 PSYoungGen      total 27584K, used 2688K [0x00000000eaab0000, 0x00000000ed010000, 0x0000000100000000)
  eden space 24896K, 0% used [0x00000000eaab0000,0x00000000eaab0000,0x00000000ec300000)
  from space 2688K, 100% used [0x00000000ecd70000,0x00000000ed010000,0x00000000ed010000)
  to   space 2688K, 0% used [0x00000000ecad0000,0x00000000ecad0000,0x00000000ecd70000)
 ParOldGen       total 88192K, used 57524K [0x00000000c0000000, 0x00000000c5620000, 0x00000000eaab0000)
  object space 88192K, 65% used [0x00000000c0000000,0x00000000c382d070,0x00000000c5620000)
 PSPermGen       total 21248K, used 6153K [0x00000000bae00000, 0x00000000bc2c0000, 0x00000000c0000000)
  object space 21248K, 28% used [0x00000000bae00000,0x00000000bb4026b8,0x00000000bc2c0000)
}
Event: 1.482 GC heap before
{Heap before GC invocations=6 (full 1):
 PSYoungGen      total 27584K, used 27584K [0x00000000eaab0000, 0x00000000ed010000, 0x0000000100000000)
  eden space 24896K, 100% used [0x00000000eaab0000,0x00000000ec300000,0x00000000ec300000)
  from space 2688K, 100% used [0x00000000ecd70000,0x00000000ed010000,0x00000000ed010000)
  to   space 2688K, 0% used [0x00000000ecad0000,0x00000000ecad0000,0x00000000ecd70000)
 ParOldGen       total 88192K, used 57524K [0x00000000c0000000, 0x00000000c5620000, 0x00000000eaab0000)
  object space 88192K, 65% used [0x00000000c0000000,0x00000000c382d070,0x00000000c5620000)
 PSPermGen       total 21248K, used 6153K [0x00000000bae00000, 0x00000000bc2c0000, 0x00000000c0000000)
  object space 21248K, 28% used [0x00000000bae00000,0x00000000bb4026b8,0x00000000bc2c0000)
Event: 1.528 GC heap after
Heap after GC invocations=6 (full 1):
 PSYoungGen      total 35584K, used 2688K [0x00000000eaab0000, 0x00000000f12d0000, 0x0000000100000000)
  eden space 32896K, 0% used [0x00000000eaab0000,0x00000000eaab0000,0x00000000ecad0000)
  from space 2688K, 100% used [0x00000000ecad0000,0x00000000ecd70000,0x00000000ecd70000)
  to   space 33216K, 0% used [0x00000000ef260000,0x00000000ef260000,0x00000000f12d0000)
 ParOldGen       total 88192K, used 82481K [0x00000000c0000000, 0x00000000c5620000, 0x00000000eaab0000)
  object space 88192K, 93% used [0x00000000c0000000,0x00000000c508c670,0x00000000c5620000)
 PSPermGen       total 21248K, used 6153K [0x00000000bae00000, 0x00000000bc2c0000, 0x00000000c0000000)
  object space 21248K, 28% used [0x00000000bae00000,0x00000000bb4026b8,0x00000000bc2c0000)
}
Event: 1.528 GC heap before
{Heap before GC invocations=7 (full 2):
 PSYoungGen      total 35584K, used 2688K [0x00000000eaab0000, 0x00000000f12d0000, 0x0000000100000000)
  eden space 32896K, 0% used [0x00000000eaab0000,0x00000000eaab0000,0x00000000ecad0000)
  from space 2688K, 100% used [0x00000000ecad0000,0x00000000ecd70000,0x00000000ecd70000)
  to   space 33216K, 0% used [0x00000000ef260000,0x00000000ef260000,0x00000000f12d0000)
 ParOldGen       total 88192K, used 82481K [0x00000000c0000000, 0x00000000c5620000, 0x00000000eaab0000)
  object space 88192K, 93% used [0x00000000c0000000,0x00000000c508c670,0x00000000c5620000)
 PSPermGen       total 21248K, used 6153K [0x00000000bae00000, 0x00000000bc2c0000, 0x00000000c0000000)
  object space 21248K, 28% used [0x00000000bae00000,0x00000000bb4026b8,0x00000000bc2c0000)
Event: 2.081 GC heap after
Heap after GC invocations=7 (full 2):
 PSYoungGen      total 35584K, used 0K [0x00000000eaab0000, 0x00000000f12d0000, 0x0000000100000000)
  eden space 32896K, 0% used [0x00000000eaab0000,0x00000000eaab0000,0x00000000ecad0000)
  from space 2688K, 0% used [0x00000000ecad0000,0x00000000ecad0000,0x00000000ecd70000)
  to   space 33216K, 0% used [0x00000000ef260000,0x00000000ef260000,0x00000000f12d0000)
 ParOldGen       total 156864K, used 84858K [0x00000000c0000000, 0x00000000c9930000, 0x00000000eaab0000)
  object space 156864K, 54% used [0x00000000c0000000,0x00000000c52debe0,0x00000000c9930000)
 PSPermGen       total 21248K, used 6153K [0x00000000bae00000, 0x00000000bc2c0000, 0x00000000c0000000)
  object space 21248K, 28% used [0x00000000bae00000,0x00000000bb4026b8,0x00000000bc2c0000)
}
Event: 2.131 GC heap before
{Heap before GC invocations=8 (full 2):
 PSYoungGen      total 35584K, used 32896K [0x00000000eaab0000, 0x00000000f12d0000, 0x0000000100000000)
  eden space 32896K, 100% used [0x00000000eaab0000,0x00000000ecad0000,0x00000000ecad0000)
  from space 2688K, 0% used [0x00000000ecad0000,0x00000000ecad0000,0x00000000ecd70000)
  to   space 33216K, 0% used [0x00000000ef260000,0x00000000ef260000,0x00000000f12d0000)
 ParOldGen       total 156864K, used 84858K [0x00000000c0000000, 0x00000000c9930000, 0x00000000eaab0000)
  object space 156864K, 54% used [0x00000000c0000000,0x00000000c52debe0,0x00000000c9930000)
 PSPermGen       total 21248K, used 6153K [0x00000000bae00000, 0x00000000bc2c0000, 0x00000000c0000000)
  object space 21248K, 28% used [0x00000000bae00000,0x00000000bb4026b8,0x00000000bc2c0000)
Event: 2.187 GC heap after
Heap after GC invocations=8 (full 2):
 PSYoungGen      total 65600K, used 33216K [0x00000000eaab0000, 0x00000000f2520000, 0x0000000100000000)
  eden space 32384K, 0% used [0x00000000eaab0000,0x00000000eaab0000,0x00000000eca50000)
  from space 33216K, 100% used [0x00000000ef260000,0x00000000f12d0000,0x00000000f12d0000)
  to   space 41024K, 0% used [0x00000000eca50000,0x00000000eca50000,0x00000000ef260000)
 ParOldGen       total 156864K, used 85114K [0x00000000c0000000, 0x00000000c9930000, 0x00000000eaab0000)
  object space 156864K, 54% used [0x00000000c0000000,0x00000000c531ebe0,0x00000000c9930000)
 PSPermGen       total 21248K, used 6153K [0x00000000bae00000, 0x00000000bc2c0000, 0x00000000c0000000)
  object space 21248K, 28% used [0x00000000bae00000,0x00000000bb4026b8,0x00000000bc2c0000)
}
Event: 2.234 GC heap before
{Heap before GC invocations=9 (full 2):
 PSYoungGen      total 65600K, used 65600K [0x00000000eaab0000, 0x00000000f2520000, 0x0000000100000000)
  eden space 32384K, 100% used [0x00000000eaab0000,0x00000000eca50000,0x00000000eca50000)
  from space 33216K, 100% used [0x00000000ef260000,0x00000000f12d0000,0x00000000f12d0000)
  to   space 41024K, 0% used [0x00000000eca50000,0x00000000eca50000,0x00000000ef260000)
 ParOldGen       total 156864K, used 85114K [0x00000000c0000000, 0x00000000c9930000, 0x00000000eaab0000)
  object space 156864K, 54% used [0x00000000c0000000,0x00000000c531ebe0,0x00000000c9930000)
 PSPermGen       total 21248K, used 6153K [0x00000000bae00000, 0x00000000bc2c0000, 0x00000000c0000000)
  object space 21248K, 28% used [0x00000000bae00000,0x00000000bb4026b8,0x00000000bc2c0000)
Event: 2.338 GC heap after
Heap after GC invocations=9 (full 2):
 PSYoungGen      total 73408K, used 41024K [0x00000000eaab0000, 0x00000000f5100000, 0x0000000100000000)
  eden space 32384K, 0% used [0x00000000eaab0000,0x00000000eaab0000,0x00000000eca50000)
  from space 41024K, 100% used [0x00000000eca50000,0x00000000ef260000,0x00000000ef260000)
  to   space 62272K, 0% used [0x00000000f1430000,0x00000000f1430000,0x00000000f5100000)
 ParOldGen       total 156864K, used 110330K [0x00000000c0000000, 0x00000000c9930000, 0x00000000eaab0000)
  object space 156864K, 70% used [0x00000000c0000000,0x00000000c6bbebe0,0x00000000c9930000)
 PSPermGen       total 21248K, used 6153K [0x00000000bae00000, 0x00000000bc2c0000, 0x00000000c0000000)
  object space 21248K, 28% used [0x00000000bae00000,0x00000000bb4026b8,0x00000000bc2c0000)
}
Event: 2.382 GC heap before
{Heap before GC invocations=10 (full 2):
 PSYoungGen      total 73408K, used 73408K [0x00000000eaab0000, 0x00000000f5100000, 0x0000000100000000)
  eden space 32384K, 100% used [0x00000000eaab0000,0x00000000eca50000,0x00000000eca50000)
  from space 41024K, 100% used [0x00000000eca50000,0x00000000ef260000,0x00000000ef260000)
  to   space 62272K, 0% used [0x00000000f1430000,0x00000000f1430000,0x00000000f5100000)
 ParOldGen       total 156864K, used 110330K [0x00000000c0000000, 0x00000000c9930000, 0x00000000eaab0000)
  object space 156864K, 70% used [0x00000000c0000000,0x00000000c6bbebe0,0x00000000c9930000)
 PSPermGen       total 21248K, used 6153K [0x00000000bae00000, 0x00000000bc2c0000, 0x00000000c0000000)
  object space 21248K, 28% used [0x00000000bae00000,0x00000000bb4026b8,0x00000000bc2c0000)

