# JRE version: 7.0_17-b02
# Java VM: Java HotSpot(TM) 64-Bit Server VM (23.7-b01 mixed mode windows-amd64 compressed oops)
Heap
 PSYoungGen      total 206848K, used 147931K [0x00000000eb560000, 0x00000000ffc80000, 0x0000000100000000)
  eden space 94016K, 56% used [0x00000000eb560000,0x00000000ee976e90,0x00000000f1130000)
  from space 112832K, 83% used [0x00000000f1130000,0x00000000f6d90000,0x00000000f7f60000)
  to   space 112832K, 0% used [0x00000000f8e50000,0x00000000f8e50000,0x00000000ffc80000)
 ParOldGen       total 246208K, used 126713K [0x00000000c2000000, 0x00000000d1070000, 0x00000000eb560000)
  object space 246208K, 51% used [0x00000000c2000000,0x00000000c9bbe4c8,0x00000000d1070000)
 PSPermGen       total 21248K, used 6597K [0x00000000bce00000, 0x00000000be2c0000, 0x00000000c2000000)
  object space 21248K, 31% used [0x00000000bce00000,0x00000000bd471638,0x00000000be2c0000)
GC Heap History (10 events):
Event: 7.794 GC heap before
{Heap before GC invocations=23 (full 3):
 PSYoungGen      total 144064K, used 141948K [0x00000000eb560000, 0x00000000f9700000, 0x0000000100000000)
  eden space 82048K, 100% used [0x00000000eb560000,0x00000000f0580000,0x00000000f0580000)
  from space 62016K, 96% used [0x00000000f0580000,0x00000000f3fff2f0,0x00000000f4210000)
  to   space 68288K, 0% used [0x00000000f5450000,0x00000000f5450000,0x00000000f9700000)
 ParOldGen       total 234880K, used 181771K [0x00000000c2000000, 0x00000000d0560000, 0x00000000eb560000)
  object space 234880K, 77% used [0x00000000c2000000,0x00000000cd182e68,0x00000000d0560000)
 PSPermGen       total 21248K, used 6371K [0x00000000bce00000, 0x00000000be2c0000, 0x00000000c2000000)
  object space 21248K, 29% used [0x00000000bce00000,0x00000000bd438db8,0x00000000be2c0000)
Event: 7.941 GC heap after
Heap after GC invocations=23 (full 3):
 PSYoungGen      total 149184K, used 68257K [0x00000000eb560000, 0x00000000fb000000, 0x0000000100000000)
  eden space 80896K, 0% used [0x00000000eb560000,0x00000000eb560000,0x00000000f0460000)
  from space 68288K, 99% used [0x00000000f5450000,0x00000000f96f84a0,0x00000000f9700000)
  to   space 81856K, 0% used [0x00000000f0460000,0x00000000f0460000,0x00000000f5450000)
 ParOldGen       total 234880K, used 196831K [0x00000000c2000000, 0x00000000d0560000, 0x00000000eb560000)
  object space 234880K, 83% used [0x00000000c2000000,0x00000000ce037e18,0x00000000d0560000)
 PSPermGen       total 21248K, used 6371K [0x00000000bce00000, 0x00000000be2c0000, 0x00000000c2000000)
  object space 21248K, 29% used [0x00000000bce00000,0x00000000bd438db8,0x00000000be2c0000)
}
Event: 8.056 GC heap before
{Heap before GC invocations=24 (full 3):
 PSYoungGen      total 149184K, used 149153K [0x00000000eb560000, 0x00000000fb000000, 0x0000000100000000)
  eden space 80896K, 100% used [0x00000000eb560000,0x00000000f0460000,0x00000000f0460000)
  from space 68288K, 99% used [0x00000000f5450000,0x00000000f96f84a0,0x00000000f9700000)
  to   space 81856K, 0% used [0x00000000f0460000,0x00000000f0460000,0x00000000f5450000)
 ParOldGen       total 234880K, used 196831K [0x00000000c2000000, 0x00000000d0560000, 0x00000000eb560000)
  object space 234880K, 83% used [0x00000000c2000000,0x00000000ce037e18,0x00000000d0560000)
 PSPermGen       total 21248K, used 6371K [0x00000000bce00000, 0x00000000be2c0000, 0x00000000c2000000)
  object space 21248K, 29% used [0x00000000bce00000,0x00000000bd438db8,0x00000000be2c0000)
Event: 8.276 GC heap after
Heap after GC invocations=24 (full 3):
 PSYoungGen      total 162752K, used 81825K [0x00000000eb560000, 0x00000000fed90000, 0x0000000100000000)
  eden space 80896K, 0% used [0x00000000eb560000,0x00000000eb560000,0x00000000f0460000)
  from space 81856K, 99% used [0x00000000f0460000,0x00000000f54484a0,0x00000000f5450000)
  to   space 112832K, 0% used [0x00000000f7f60000,0x00000000f7f60000,0x00000000fed90000)
 ParOldGen       total 265216K, used 265165K [0x00000000c2000000, 0x00000000d2300000, 0x00000000eb560000)
  object space 265216K, 99% used [0x00000000c2000000,0x00000000d22f37e0,0x00000000d2300000)
 PSPermGen       total 21248K, used 6371K [0x00000000bce00000, 0x00000000be2c0000, 0x00000000c2000000)
  object space 21248K, 29% used [0x00000000bce00000,0x00000000bd438db8,0x00000000be2c0000)
}
Event: 8.276 GC heap before
{Heap before GC invocations=25 (full 4):
 PSYoungGen      total 162752K, used 81825K [0x00000000eb560000, 0x00000000fed90000, 0x0000000100000000)
  eden space 80896K, 0% used [0x00000000eb560000,0x00000000eb560000,0x00000000f0460000)
  from space 81856K, 99% used [0x00000000f0460000,0x00000000f54484a0,0x00000000f5450000)
  to   space 112832K, 0% used [0x00000000f7f60000,0x00000000f7f60000,0x00000000fed90000)
 ParOldGen       total 265216K, used 265165K [0x00000000c2000000, 0x00000000d2300000, 0x00000000eb560000)
  object space 265216K, 99% used [0x00000000c2000000,0x00000000d22f37e0,0x00000000d2300000)
 PSPermGen       total 21248K, used 6371K [0x00000000bce00000, 0x00000000be2c0000, 0x00000000c2000000)
  object space 21248K, 29% used [0x00000000bce00000,0x00000000bd438db8,0x00000000be2c0000)
Event: 9.240 GC heap after
Heap after GC invocations=25 (full 4):
 PSYoungGen      total 162752K, used 0K [0x00000000eb560000, 0x00000000fed90000, 0x0000000100000000)
  eden space 80896K, 0% used [0x00000000eb560000,0x00000000eb560000,0x00000000f0460000)
  from space 81856K, 0% used [0x00000000f0460000,0x00000000f0460000,0x00000000f5450000)
  to   space 112832K, 0% used [0x00000000f7f60000,0x00000000f7f60000,0x00000000fed90000)
 ParOldGen       total 246208K, used 126713K [0x00000000c2000000, 0x00000000d1070000, 0x00000000eb560000)
  object space 246208K, 51% used [0x00000000c2000000,0x00000000c9bbe4c8,0x00000000d1070000)
 PSPermGen       total 21248K, used 6371K [0x00000000bce00000, 0x00000000be2c0000, 0x00000000c2000000)
  object space 21248K, 29% used [0x00000000bce00000,0x00000000bd438db8,0x00000000be2c0000)
}
Event: 9.358 GC heap before
{Heap before GC invocations=26 (full 4):
 PSYoungGen      total 162752K, used 80896K [0x00000000eb560000, 0x00000000fed90000, 0x0000000100000000)
  eden space 80896K, 100% used [0x00000000eb560000,0x00000000f0460000,0x00000000f0460000)
  from space 81856K, 0% used [0x00000000f0460000,0x00000000f0460000,0x00000000f5450000)
  to   space 112832K, 0% used [0x00000000f7f60000,0x00000000f7f60000,0x00000000fed90000)
 ParOldGen       total 246208K, used 126713K [0x00000000c2000000, 0x00000000d1070000, 0x00000000eb560000)
  object space 246208K, 51% used [0x00000000c2000000,0x00000000c9bbe4c8,0x00000000d1070000)
 PSPermGen       total 21248K, used 6371K [0x00000000bce00000, 0x00000000be2c0000, 0x00000000c2000000)
  object space 21248K, 29% used [0x00000000bce00000,0x00000000bd438db8,0x00000000be2c0000)
Event: 9.507 GC heap after
Heap after GC invocations=26 (full 4):
 PSYoungGen      total 206848K, used 82400K [0x00000000eb560000, 0x00000000fed90000, 0x0000000100000000)
  eden space 94016K, 0% used [0x00000000eb560000,0x00000000eb560000,0x00000000f1130000)
  from space 112832K, 73% used [0x00000000f7f60000,0x00000000fcfd8000,0x00000000fed90000)
  to   space 112832K, 0% used [0x00000000f1130000,0x00000000f1130000,0x00000000f7f60000)
 ParOldGen       total 246208K, used 126713K [0x00000000c2000000, 0x00000000d1070000, 0x00000000eb560000)
  object space 246208K, 51% used [0x00000000c2000000,0x00000000c9bbe4c8,0x00000000d1070000)
 PSPermGen       total 21248K, used 6371K [0x00000000bce00000, 0x00000000be2c0000, 0x00000000c2000000)
  object space 21248K, 29% used [0x00000000bce00000,0x00000000bd438db8,0x00000000be2c0000)
}
Event: 9.854 GC heap before
{Heap before GC invocations=27 (full 4):
 PSYoungGen      total 206848K, used 176416K [0x00000000eb560000, 0x00000000fed90000, 0x0000000100000000)
  eden space 94016K, 100% used [0x00000000eb560000,0x00000000f1130000,0x00000000f1130000)
  from space 112832K, 73% used [0x00000000f7f60000,0x00000000fcfd8000,0x00000000fed90000)
  to   space 112832K, 0% used [0x00000000f1130000,0x00000000f1130000,0x00000000f7f60000)
 ParOldGen       total 246208K, used 126713K [0x00000000c2000000, 0x00000000d1070000, 0x00000000eb560000)
  object space 246208K, 51% used [0x00000000c2000000,0x00000000c9bbe4c8,0x00000000d1070000)
 PSPermGen       total 21248K, used 6371K [0x00000000bce00000, 0x00000000be2c0000, 0x00000000c2000000)
  object space 21248K, 29% used [0x00000000bce00000,0x00000000bd438e90,0x00000000be2c0000)
Event: 10.011 GC heap after
Heap after GC invocations=27 (full 4):
 PSYoungGen      total 206848K, used 94592K [0x00000000eb560000, 0x00000000ffc80000, 0x0000000100000000)
  eden space 94016K, 0% used [0x00000000eb560000,0x00000000eb560000,0x00000000f1130000)
  from space 112832K, 83% used [0x00000000f1130000,0x00000000f6d90000,0x00000000f7f60000)
  to   space 112832K, 0% used [0x00000000f8e50000,0x00000000f8e50000,0x00000000ffc80000)
 ParOldGen       total 246208K, used 126713K [0x00000000c2000000, 0x00000000d1070000, 0x00000000eb560000)
  object space 246208K, 51% used [0x00000000c2000000,0x00000000c9bbe4c8,0x00000000d1070000)
 PSPermGen       total 21248K, used 6371K [0x00000000bce00000, 0x00000000be2c0000, 0x00000000c2000000)
  object space 21248K, 29% used [0x00000000bce00000,0x00000000bd438e90,0x00000000be2c0000)
}

