# JRE version: 7.0_13-b20
# Java VM: Java HotSpot(TM) 64-Bit Server VM (23.7-b01 mixed mode windows-amd64 compressed oops)
Heap
 PSYoungGen      total 72256K, used 72256K [0x00000000eaab0000, 0x00000000f4e40000, 0x0000000100000000)
  eden space 31360K, 100% used [0x00000000eaab0000,0x00000000ec950000,0x00000000ec950000)
  from space 40896K, 100% used [0x00000000ec950000,0x00000000ef140000,0x00000000ef140000)
  to   space 61568K, 100% used [0x00000000f1220000,0x00000000f4e40000,0x00000000f4e40000)
 ParOldGen       total 156736K, used 120436K [0x00000000c0000000, 0x00000000c9910000, 0x00000000eaab0000)
  object space 156736K, 76% used [0x00000000c0000000,0x00000000c759d3d0,0x00000000c9910000)
 PSPermGen       total 21248K, used 6153K [0x00000000bae00000, 0x00000000bc2c0000, 0x00000000c0000000)
  object space 21248K, 28% used [0x00000000bae00000,0x00000000bb402678,0x00000000bc2c0000)
GC Heap History (10 events):
Event: 1.415 GC heap after
Heap after GC invocations=5 (full 1):
 PSYoungGen      total 27264K, used 2688K [0x00000000eaab0000, 0x00000000ed010000, 0x0000000100000000)
  eden space 24576K, 0% used [0x00000000eaab0000,0x00000000eaab0000,0x00000000ec2b0000)
  from space 2688K, 100% used [0x00000000ecd70000,0x00000000ed010000,0x00000000ed010000)
  to   space 2688K, 0% used [0x00000000ecad0000,0x00000000ecad0000,0x00000000ecd70000)
 ParOldGen       total 88448K, used 57508K [0x00000000c0000000, 0x00000000c5660000, 0x00000000eaab0000)
  object space 88448K, 65% used [0x00000000c0000000,0x00000000c3829100,0x00000000c5660000)
 PSPermGen       total 21248K, used 6153K [0x00000000bae00000, 0x00000000bc2c0000, 0x00000000c0000000)
  object space 21248K, 28% used [0x00000000bae00000,0x00000000bb402678,0x00000000bc2c0000)
}
Event: 1.449 GC heap before
{Heap before GC invocations=6 (full 1):
 PSYoungGen      total 27264K, used 27264K [0x00000000eaab0000, 0x00000000ed010000, 0x0000000100000000)
  eden space 24576K, 100% used [0x00000000eaab0000,0x00000000ec2b0000,0x00000000ec2b0000)
  from space 2688K, 100% used [0x00000000ecd70000,0x00000000ed010000,0x00000000ed010000)
  to   space 2688K, 0% used [0x00000000ecad0000,0x00000000ecad0000,0x00000000ecd70000)
 ParOldGen       total 88448K, used 57508K [0x00000000c0000000, 0x00000000c5660000, 0x00000000eaab0000)
  object space 88448K, 65% used [0x00000000c0000000,0x00000000c3829100,0x00000000c5660000)
 PSPermGen       total 21248K, used 6153K [0x00000000bae00000, 0x00000000bc2c0000, 0x00000000c0000000)
  object space 21248K, 28% used [0x00000000bae00000,0x00000000bb402678,0x00000000bc2c0000)
Event: 1.492 GC heap after
Heap after GC invocations=6 (full 1):
 PSYoungGen      total 35584K, used 2688K [0x00000000eaab0000, 0x00000000f1180000, 0x0000000100000000)
  eden space 32896K, 0% used [0x00000000eaab0000,0x00000000eaab0000,0x00000000ecad0000)
  from space 2688K, 100% used [0x00000000ecad0000,0x00000000ecd70000,0x00000000ecd70000)
  to   space 33024K, 0% used [0x00000000ef140000,0x00000000ef140000,0x00000000f1180000)
 ParOldGen       total 88448K, used 82169K [0x00000000c0000000, 0x00000000c5660000, 0x00000000eaab0000)
  object space 88448K, 92% used [0x00000000c0000000,0x00000000c503e668,0x00000000c5660000)
 PSPermGen       total 21248K, used 6153K [0x00000000bae00000, 0x00000000bc2c0000, 0x00000000c0000000)
  object space 21248K, 28% used [0x00000000bae00000,0x00000000bb402678,0x00000000bc2c0000)
}
Event: 1.492 GC heap before
{Heap before GC invocations=7 (full 2):
 PSYoungGen      total 35584K, used 2688K [0x00000000eaab0000, 0x00000000f1180000, 0x0000000100000000)
  eden space 32896K, 0% used [0x00000000eaab0000,0x00000000eaab0000,0x00000000ecad0000)
  from space 2688K, 100% used [0x00000000ecad0000,0x00000000ecd70000,0x00000000ecd70000)
  to   space 33024K, 0% used [0x00000000ef140000,0x00000000ef140000,0x00000000f1180000)
 ParOldGen       total 88448K, used 82169K [0x00000000c0000000, 0x00000000c5660000, 0x00000000eaab0000)
  object space 88448K, 92% used [0x00000000c0000000,0x00000000c503e668,0x00000000c5660000)
 PSPermGen       total 21248K, used 6153K [0x00000000bae00000, 0x00000000bc2c0000, 0x00000000c0000000)
  object space 21248K, 28% used [0x00000000bae00000,0x00000000bb402678,0x00000000bc2c0000)
Event: 1.988 GC heap after
Heap after GC invocations=7 (full 2):
 PSYoungGen      total 35584K, used 0K [0x00000000eaab0000, 0x00000000f1180000, 0x0000000100000000)
  eden space 32896K, 0% used [0x00000000eaab0000,0x00000000eaab0000,0x00000000ecad0000)
  from space 2688K, 0% used [0x00000000ecad0000,0x00000000ecad0000,0x00000000ecd70000)
  to   space 33024K, 0% used [0x00000000ef140000,0x00000000ef140000,0x00000000f1180000)
 ParOldGen       total 156736K, used 84540K [0x00000000c0000000, 0x00000000c9910000, 0x00000000eaab0000)
  object space 156736K, 53% used [0x00000000c0000000,0x00000000c528f3d0,0x00000000c9910000)
 PSPermGen       total 21248K, used 6153K [0x00000000bae00000, 0x00000000bc2c0000, 0x00000000c0000000)
  object space 21248K, 28% used [0x00000000bae00000,0x00000000bb402678,0x00000000bc2c0000)
}
Event: 2.034 GC heap before
{Heap before GC invocations=8 (full 2):
 PSYoungGen      total 35584K, used 32896K [0x00000000eaab0000, 0x00000000f1180000, 0x0000000100000000)
  eden space 32896K, 100% used [0x00000000eaab0000,0x00000000ecad0000,0x00000000ecad0000)
  from space 2688K, 0% used [0x00000000ecad0000,0x00000000ecad0000,0x00000000ecd70000)
  to   space 33024K, 0% used [0x00000000ef140000,0x00000000ef140000,0x00000000f1180000)
 ParOldGen       total 156736K, used 84540K [0x00000000c0000000, 0x00000000c9910000, 0x00000000eaab0000)
  object space 156736K, 53% used [0x00000000c0000000,0x00000000c528f3d0,0x00000000c9910000)
 PSPermGen       total 21248K, used 6153K [0x00000000bae00000, 0x00000000bc2c0000, 0x00000000c0000000)
  object space 21248K, 28% used [0x00000000bae00000,0x00000000bb402678,0x00000000bc2c0000)
Event: 2.087 GC heap after
Heap after GC invocations=8 (full 2):
 PSYoungGen      total 64384K, used 33024K [0x00000000eaab0000, 0x00000000f24f0000, 0x0000000100000000)
  eden space 31360K, 0% used [0x00000000eaab0000,0x00000000eaab0000,0x00000000ec950000)
  from space 33024K, 100% used [0x00000000ef140000,0x00000000f1180000,0x00000000f1180000)
  to   space 40896K, 0% used [0x00000000ec950000,0x00000000ec950000,0x00000000ef140000)
 ParOldGen       total 156736K, used 84956K [0x00000000c0000000, 0x00000000c9910000, 0x00000000eaab0000)
  object space 156736K, 54% used [0x00000000c0000000,0x00000000c52f73d0,0x00000000c9910000)
 PSPermGen       total 21248K, used 6153K [0x00000000bae00000, 0x00000000bc2c0000, 0x00000000c0000000)
  object space 21248K, 28% used [0x00000000bae00000,0x00000000bb402678,0x00000000bc2c0000)
}
Event: 2.129 GC heap before
{Heap before GC invocations=9 (full 2):
 PSYoungGen      total 64384K, used 64384K [0x00000000eaab0000, 0x00000000f24f0000, 0x0000000100000000)
  eden space 31360K, 100% used [0x00000000eaab0000,0x00000000ec950000,0x00000000ec950000)
  from space 33024K, 100% used [0x00000000ef140000,0x00000000f1180000,0x00000000f1180000)
  to   space 40896K, 0% used [0x00000000ec950000,0x00000000ec950000,0x00000000ef140000)
 ParOldGen       total 156736K, used 84956K [0x00000000c0000000, 0x00000000c9910000, 0x00000000eaab0000)
  object space 156736K, 54% used [0x00000000c0000000,0x00000000c52f73d0,0x00000000c9910000)
 PSPermGen       total 21248K, used 6153K [0x00000000bae00000, 0x00000000bc2c0000, 0x00000000c0000000)
  object space 21248K, 28% used [0x00000000bae00000,0x00000000bb402678,0x00000000bc2c0000)
Event: 2.228 GC heap after
Heap after GC invocations=9 (full 2):
 PSYoungGen      total 72256K, used 40896K [0x00000000eaab0000, 0x00000000f4e40000, 0x0000000100000000)
  eden space 31360K, 0% used [0x00000000eaab0000,0x00000000eaab0000,0x00000000ec950000)
  from space 40896K, 100% used [0x00000000ec950000,0x00000000ef140000,0x00000000ef140000)
  to   space 61568K, 0% used [0x00000000f1220000,0x00000000f1220000,0x00000000f4e40000)
 ParOldGen       total 156736K, used 109100K [0x00000000c0000000, 0x00000000c9910000, 0x00000000eaab0000)
  object space 156736K, 69% used [0x00000000c0000000,0x00000000c6a8b3d0,0x00000000c9910000)
 PSPermGen       total 21248K, used 6153K [0x00000000bae00000, 0x00000000bc2c0000, 0x00000000c0000000)
  object space 21248K, 28% used [0x00000000bae00000,0x00000000bb402678,0x00000000bc2c0000)
}
Event: 2.272 GC heap before
{Heap before GC invocations=10 (full 2):
 PSYoungGen      total 72256K, used 72256K [0x00000000eaab0000, 0x00000000f4e40000, 0x0000000100000000)
  eden space 31360K, 100% used [0x00000000eaab0000,0x00000000ec950000,0x00000000ec950000)
  from space 40896K, 100% used [0x00000000ec950000,0x00000000ef140000,0x00000000ef140000)
  to   space 61568K, 0% used [0x00000000f1220000,0x00000000f1220000,0x00000000f4e40000)
 ParOldGen       total 156736K, used 109100K [0x00000000c0000000, 0x00000000c9910000, 0x00000000eaab0000)
  object space 156736K, 69% used [0x00000000c0000000,0x00000000c6a8b3d0,0x00000000c9910000)
 PSPermGen       total 21248K, used 6153K [0x00000000bae00000, 0x00000000bc2c0000, 0x00000000c0000000)
  object space 21248K, 28% used [0x00000000bae00000,0x00000000bb402678,0x00000000bc2c0000)

